<?xml version="1.0" encoding="UTF-8"?>
<testsuite xmlns:xsi="http://www.w3.org/2001/XMLSchema-instance" xsi:noNamespaceSchemaLocation="https://maven.apache.org/surefire/maven-surefire-plugin/xsd/surefire-test-report-3.0.xsd" version="3.0" name="test.java.br.edu.ifpe.AlunoRepositorioTest" time="0.068" tests="3" errors="0" skipped="0" failures="0">
  <properties>
[...]
</properties>
  <testcase name="buscarAlunoInexistente" classname="test.java.br.edu.ifpe.AlunoRepositorioTest" time="0.031"/>
  <testcase name="sobrescreverAlunoComMesmoId" classname="test.java.br.edu.ifpe.AlunoRepositorioTest" time="0.008"/>
  <testcase name="salvarAlunoComSucesso" classname="test.java.br.edu.ifpe.AlunoRepositorioTest" time="0.001"/>
</testsuite>