<?xml version="1.0" encoding="UTF-8"?>
<testsuite xmlns:xsi="http://www.w3.org/2001/XMLSchema-instance" xsi:noNamespaceSchemaLocation="https://maven.apache.org/surefire/maven-surefire-plugin/xsd/surefire-test-report-3.0.xsd" version="3.0" name="test.java.br.edu.ifpe.service.AlunoServiceTest" time="0.045" tests="6" errors="0" skipped="0" failures="0">
  <properties>
[...]
</properties>
  <testcase name="testAdicionarAlunoIdEmBranco" classname="test.java.br.edu.ifpe.service.AlunoServiceTest" time="0.021"/>
  <testcase name="testAdicionarAlunoValido" classname="test.java.br.edu.ifpe.service.AlunoServiceTest" time="0.001"/>
  <testcase name="testAdicionarAlunoInvalido" classname="test.java.br.edu.ifpe.service.AlunoServiceTest" time="0.001"/>
  <testcase name="testMatricularAlunoEmDisciplinaAlunoNaoEncontrado" classname="test.java.br.edu.ifpe.service.AlunoServiceTest" time="0.001"/>
  <testcase name="testMatricularAlunoEmDisciplina" classname="test.java.br.edu.ifpe.service.AlunoServiceTest" time="0.002"/>
  <testcase name="testAdicionarAlunoNomeEmBranco" classname="test.java.br.edu.ifpe.service.AlunoServiceTest" time="0.001"/>
</testsuite>